<?xml version="1.0" encoding="UTF-8"?>
<!-- Generated by org.testng.reporters.JUnitReportReporter -->
<testsuite skipped="0" hostname="LAPTOP-MIS6L41V" name="com.leafBot.testcases.TC001_LoginLogout" tests="2" failures="0" timestamp="08 Sep 2019 10:42:22 GMT" time="27.300" errors="0">
  <testcase name="runTC001" time="14.497" classname="com.leafBot.testcases.TC001_LoginLogout"/>
  <testcase name="runTC001" time="12.803" classname="com.leafBot.testcases.TC001_LoginLogout"/>
</testsuite> <!-- com.leafBot.testcases.TC001_LoginLogout -->
